<?xml version="1.0" encoding="UTF-8"?>
<coverage generated="1759842948452" clover="3.2.0">
  <project timestamp="1759842948452" name="All files">
    <metrics statements="144" coveredstatements="144" conditionals="37" coveredconditionals="37" methods="29" coveredmethods="29" elements="210" coveredelements="210" complexity="0" loc="144" ncloc="144" packages="1" files="4" classes="4"/>
    <file name="ably-service.ts" path="/Users/gabriele/Git/become-monitor/services/ably-service.ts">
      <metrics statements="53" coveredstatements="53" conditionals="15" coveredconditionals="15" methods="9" coveredmethods="9"/>
      <line num="6" count="1" type="stmt"/>
      <line num="8" count="1" type="cond" truecount="2" falsecount="0"/>
      <line num="9" count="1" type="stmt"/>
      <line num="10" count="1" type="stmt"/>
      <line num="11" count="1" type="stmt"/>
      <line num="14" count="1" type="stmt"/>
      <line num="15" count="27" type="stmt"/>
      <line num="16" count="27" type="stmt"/>
      <line num="17" count="27" type="stmt"/>
      <line num="25" count="27" type="stmt"/>
      <line num="26" count="27" type="stmt"/>
      <line num="30" count="24" type="stmt"/>
      <line num="32" count="24" type="stmt"/>
      <line num="39" count="24" type="stmt"/>
      <line num="43" count="25" type="cond" truecount="1" falsecount="0"/>
      <line num="45" count="24" type="stmt"/>
      <line num="46" count="26" type="cond" truecount="5" falsecount="0"/>
      <line num="48" count="1" type="stmt"/>
      <line num="49" count="1" type="stmt"/>
      <line num="50" count="1" type="stmt"/>
      <line num="51" count="1" type="stmt"/>
      <line num="54" count="19" type="stmt"/>
      <line num="55" count="19" type="stmt"/>
      <line num="56" count="19" type="stmt"/>
      <line num="59" count="19" type="cond" truecount="3" falsecount="0"/>
      <line num="60" count="14" type="stmt"/>
      <line num="61" count="14" type="stmt"/>
      <line num="62" count="14" type="stmt"/>
      <line num="65" count="13" type="stmt"/>
      <line num="70" count="1" type="stmt"/>
      <line num="74" count="1" type="stmt"/>
      <line num="77" count="19" type="stmt"/>
      <line num="81" count="3" type="stmt"/>
      <line num="82" count="3" type="stmt"/>
      <line num="83" count="3" type="stmt"/>
      <line num="87" count="3" type="stmt"/>
      <line num="88" count="3" type="stmt"/>
      <line num="91" count="3" type="stmt"/>
      <line num="104" count="9" type="cond" truecount="3" falsecount="0"/>
      <line num="105" count="4" type="stmt"/>
      <line num="106" count="4" type="stmt"/>
      <line num="109" count="5" type="stmt"/>
      <line num="110" count="5" type="stmt"/>
      <line num="112" count="5" type="stmt"/>
      <line num="121" count="5" type="stmt"/>
      <line num="122" count="4" type="stmt"/>
      <line num="124" count="1" type="stmt"/>
      <line num="129" count="6" type="cond" truecount="1" falsecount="0"/>
      <line num="130" count="3" type="stmt"/>
      <line num="131" count="3" type="stmt"/>
      <line num="132" count="3" type="stmt"/>
      <line num="133" count="3" type="stmt"/>
      <line num="134" count="3" type="stmt"/>
    </file>
    <file name="auth-service.ts" path="/Users/gabriele/Git/become-monitor/services/auth-service.ts">
      <metrics statements="21" coveredstatements="21" conditionals="10" coveredconditionals="10" methods="2" coveredmethods="2"/>
      <line num="19" count="1" type="stmt"/>
      <line num="20" count="12" type="stmt"/>
      <line num="26" count="4" type="stmt"/>
      <line num="27" count="4" type="stmt"/>
      <line num="29" count="3" type="cond" truecount="1" falsecount="0"/>
      <line num="30" count="1" type="stmt"/>
      <line num="31" count="1" type="stmt"/>
      <line num="34" count="2" type="stmt"/>
      <line num="35" count="2" type="stmt"/>
      <line num="41" count="1" type="stmt"/>
      <line num="42" count="1" type="stmt"/>
      <line num="50" count="10" type="stmt"/>
      <line num="51" count="10" type="stmt"/>
      <line num="55" count="9" type="stmt"/>
      <line num="56" count="8" type="stmt"/>
      <line num="58" count="8" type="cond" truecount="1" falsecount="0"/>
      <line num="59" count="2" type="stmt"/>
      <line num="62" count="6" type="stmt"/>
      <line num="64" count="5" type="stmt"/>
      <line num="71" count="3" type="stmt"/>
      <line num="72" count="3" type="stmt"/>
    </file>
    <file name="hrv-calculator.ts" path="/Users/gabriele/Git/become-monitor/services/hrv-calculator.ts">
      <metrics statements="50" coveredstatements="50" conditionals="11" coveredconditionals="11" methods="6" coveredmethods="6"/>
      <line num="6" count="1" type="stmt"/>
      <line num="11" count="1" type="stmt"/>
      <line num="12" count="8" type="cond" truecount="1" falsecount="0"/>
      <line num="15" count="6" type="stmt"/>
      <line num="16" count="6" type="stmt"/>
      <line num="17" count="31" type="stmt"/>
      <line num="19" count="31" type="cond" truecount="1" falsecount="0"/>
      <line num="20" count="27" type="stmt"/>
      <line num="24" count="6" type="cond" truecount="1" falsecount="0"/>
      <line num="27" count="25" type="stmt"/>
      <line num="28" count="25" type="stmt"/>
      <line num="31" count="4" type="stmt"/>
      <line num="37" count="1" type="stmt"/>
      <line num="41" count="7" type="cond" truecount="1" falsecount="0"/>
      <line num="42" count="1" type="stmt"/>
      <line num="46" count="6" type="stmt"/>
      <line num="47" count="6" type="stmt"/>
      <line num="49" count="6" type="stmt"/>
      <line num="51" count="840" type="stmt"/>
      <line num="52" count="840" type="stmt"/>
      <line num="53" count="840" type="stmt"/>
      <line num="54" count="840" type="stmt"/>
      <line num="55" count="840" type="stmt"/>
      <line num="59" count="840" type="stmt"/>
      <line num="60" count="840" type="stmt"/>
      <line num="63" count="6" type="stmt"/>
      <line num="64" count="6" type="stmt"/>
      <line num="65" count="43" type="stmt"/>
      <line num="68" count="6" type="stmt"/>
      <line num="69" count="6" type="stmt"/>
      <line num="70" count="840" type="stmt"/>
      <line num="74" count="6" type="stmt"/>
      <line num="75" count="6" type="stmt"/>
      <line num="76" count="6" type="stmt"/>
      <line num="79" count="6" type="stmt"/>
      <line num="80" count="6" type="stmt"/>
      <line num="81" count="6" type="stmt"/>
      <line num="83" count="6" type="stmt"/>
      <line num="84" count="448" type="stmt"/>
      <line num="85" count="448" type="stmt"/>
      <line num="86" count="448" type="stmt"/>
      <line num="90" count="6" type="stmt"/>
      <line num="91" count="6" type="stmt"/>
      <line num="93" count="6" type="stmt"/>
      <line num="94" count="448" type="stmt"/>
      <line num="95" count="448" type="cond" truecount="3" falsecount="0"/>
      <line num="96" count="18" type="stmt"/>
      <line num="98" count="448" type="cond" truecount="3" falsecount="0"/>
      <line num="99" count="48" type="stmt"/>
      <line num="103" count="6" type="stmt"/>
    </file>
    <file name="polar-ble-sdk.ts" path="/Users/gabriele/Git/become-monitor/services/polar-ble-sdk.ts">
      <metrics statements="20" coveredstatements="20" conditionals="1" coveredconditionals="1" methods="12" coveredmethods="12"/>
      <line num="6" count="1" type="stmt"/>
      <line num="8" count="1" type="stmt"/>
      <line num="50" count="1" type="stmt"/>
      <line num="53" count="1" type="stmt"/>
      <line num="60" count="3" type="stmt"/>
      <line num="67" count="3" type="stmt"/>
      <line num="74" count="2" type="stmt"/>
      <line num="81" count="3" type="stmt"/>
      <line num="88" count="2" type="stmt"/>
      <line num="95" count="3" type="stmt"/>
      <line num="102" count="2" type="stmt"/>
      <line num="137" count="10" type="stmt"/>
      <line num="138" count="10" type="stmt"/>
      <line num="145" count="2" type="stmt"/>
      <line num="146" count="2" type="cond" truecount="1" falsecount="0"/>
      <line num="147" count="1" type="stmt"/>
      <line num="148" count="1" type="stmt"/>
      <line num="156" count="7" type="stmt"/>
      <line num="157" count="1" type="stmt"/>
      <line num="161" count="1" type="stmt"/>
    </file>
  </project>
</coverage>
