{"/Users/gabriele/Git/become-monitor/services/ably-service.ts": {"path":"/Users/gabriele/Git/become-monitor/services/ably-service.ts","statementMap":{"0":{"start":{"line":6,"column":0},"end":{"line":6,"column":29}},"1":{"start":{"line":8,"column":0},"end":{"line":8,"column":null}},"2":{"start":{"line":9,"column":4},"end":{"line":9,"column":null}},"3":{"start":{"line":10,"column":4},"end":{"line":10,"column":null}},"4":{"start":{"line":11,"column":4},"end":{"line":11,"column":null}},"5":{"start":{"line":15,"column":41},"end":{"line":15,"column":45}},"6":{"start":{"line":16,"column":26},"end":{"line":16,"column":31}},"7":{"start":{"line":17,"column":30},"end":{"line":17,"column":35}},"8":{"start":{"line":25,"column":8},"end":{"line":25,"column":51}},"9":{"start":{"line":26,"column":8},"end":{"line":26,"column":65}},"10":{"start":{"line":30,"column":8},"end":{"line":30,"column":69}},"11":{"start":{"line":32,"column":8},"end":{"line":37,"column":11}},"12":{"start":{"line":39,"column":8},"end":{"line":39,"column":57}},"13":{"start":{"line":43,"column":8},"end":{"line":43,"column":31}},"14":{"start":{"line":43,"column":24},"end":{"line":43,"column":31}},"15":{"start":{"line":45,"column":8},"end":{"line":93,"column":11}},"16":{"start":{"line":46,"column":12},"end":{"line":92,"column":13}},"17":{"start":{"line":48,"column":20},"end":{"line":48,"column":45}},"18":{"start":{"line":49,"column":20},"end":{"line":49,"column":64}},"19":{"start":{"line":50,"column":20},"end":{"line":50,"column":79}},"20":{"start":{"line":51,"column":20},"end":{"line":51,"column":26}},"21":{"start":{"line":54,"column":20},"end":{"line":54,"column":44}},"22":{"start":{"line":55,"column":20},"end":{"line":55,"column":61}},"23":{"start":{"line":56,"column":20},"end":{"line":56,"column":78}},"24":{"start":{"line":59,"column":20},"end":{"line":76,"column":21}},"25":{"start":{"line":60,"column":24},"end":{"line":60,"column":52}},"26":{"start":{"line":61,"column":40},"end":{"line":61,"column":83}},"27":{"start":{"line":62,"column":24},"end":{"line":75,"column":27}},"28":{"start":{"line":65,"column":28},"end":{"line":68,"column":30}},"29":{"start":{"line":70,"column":28},"end":{"line":73,"column":30}},"30":{"start":{"line":74,"column":28},"end":{"line":74,"column":57}},"31":{"start":{"line":77,"column":20},"end":{"line":77,"column":26}},"32":{"start":{"line":81,"column":20},"end":{"line":81,"column":45}},"33":{"start":{"line":82,"column":20},"end":{"line":82,"column":49}},"34":{"start":{"line":83,"column":20},"end":{"line":86,"column":22}},"35":{"start":{"line":87,"column":20},"end":{"line":87,"column":81}},"36":{"start":{"line":88,"column":20},"end":{"line":88,"column":26}},"37":{"start":{"line":91,"column":20},"end":{"line":91,"column":79}},"38":{"start":{"line":104,"column":8},"end":{"line":107,"column":9}},"39":{"start":{"line":105,"column":12},"end":{"line":105,"column":71}},"40":{"start":{"line":106,"column":12},"end":{"line":106,"column":19}},"41":{"start":{"line":109,"column":8},"end":{"line":125,"column":9}},"42":{"start":{"line":110,"column":28},"end":{"line":110,"column":71}},"43":{"start":{"line":112,"column":28},"end":{"line":119,"column":14}},"44":{"start":{"line":121,"column":12},"end":{"line":121,"column":66}},"45":{"start":{"line":122,"column":12},"end":{"line":122,"column":86}},"46":{"start":{"line":124,"column":12},"end":{"line":124,"column":86}},"47":{"start":{"line":129,"column":8},"end":{"line":135,"column":9}},"48":{"start":{"line":130,"column":12},"end":{"line":130,"column":30}},"49":{"start":{"line":131,"column":12},"end":{"line":131,"column":61}},"50":{"start":{"line":132,"column":12},"end":{"line":132,"column":29}},"51":{"start":{"line":133,"column":12},"end":{"line":133,"column":37}},"52":{"start":{"line":134,"column":12},"end":{"line":134,"column":41}},"53":{"start":{"line":14,"column":0},"end":{"line":14,"column":13}}},"fnMap":{"0":{"name":"(anonymous_9)","decl":{"start":{"line":8,"column":0},"end":{"line":8,"column":12}},"loc":{"start":{"line":8,"column":28},"end":{"line":12,"column":1}}},"1":{"name":"(anonymous_10)","decl":{"start":{"line":21,"column":4},"end":{"line":21,"column":null}},"loc":{"start":{"line":23,"column":68},"end":{"line":27,"column":5}}},"2":{"name":"(anonymous_11)","decl":{"start":{"line":29,"column":4},"end":{"line":29,"column":20}},"loc":{"start":{"line":29,"column":74},"end":{"line":40,"column":5}}},"3":{"name":"(anonymous_12)","decl":{"start":{"line":42,"column":12},"end":{"line":42,"column":35}},"loc":{"start":{"line":42,"column":70},"end":{"line":94,"column":5}}},"4":{"name":"(anonymous_13)","decl":{"start":{"line":45,"column":32},"end":{"line":45,"column":33}},"loc":{"start":{"line":45,"column":48},"end":{"line":93,"column":9}}},"5":{"name":"(anonymous_14)","decl":{"start":{"line":64,"column":31},"end":{"line":64,"column":34}},"loc":{"start":{"line":64,"column":36},"end":{"line":69,"column":25}}},"6":{"name":"(anonymous_15)","decl":{"start":{"line":69,"column":33},"end":{"line":69,"column":34}},"loc":{"start":{"line":69,"column":46},"end":{"line":75,"column":25}}},"7":{"name":"(anonymous_16)","decl":{"start":{"line":96,"column":4},"end":{"line":96,"column":17}},"loc":{"start":{"line":102,"column":18},"end":{"line":126,"column":5}}},"8":{"name":"(anonymous_17)","decl":{"start":{"line":128,"column":4},"end":{"line":128,"column":9}},"loc":{"start":{"line":128,"column":9},"end":{"line":136,"column":5}}}},"branchMap":{"0":{"loc":{"start":{"line":8,"column":12},"end":{"line":8,"column":null}},"type":"binary-expr","locations":[{"start":{"line":8,"column":12},"end":{"line":8,"column":28}},{"start":{"line":8,"column":28},"end":{"line":8,"column":null}}]},"1":{"loc":{"start":{"line":43,"column":8},"end":{"line":43,"column":31}},"type":"if","locations":[{"start":{"line":43,"column":8},"end":{"line":43,"column":31}}]},"2":{"loc":{"start":{"line":46,"column":12},"end":{"line":92,"column":13}},"type":"switch","locations":[{"start":{"line":47,"column":16},"end":{"line":51,"column":26}},{"start":{"line":53,"column":16},"end":{"line":77,"column":26}},{"start":{"line":79,"column":16},"end":{"line":79,"column":30}},{"start":{"line":80,"column":16},"end":{"line":88,"column":26}},{"start":{"line":90,"column":16},"end":{"line":91,"column":79}}]},"3":{"loc":{"start":{"line":59,"column":20},"end":{"line":76,"column":21}},"type":"if","locations":[{"start":{"line":59,"column":20},"end":{"line":76,"column":21}}]},"4":{"loc":{"start":{"line":59,"column":24},"end":{"line":59,"column":58}},"type":"binary-expr","locations":[{"start":{"line":59,"column":24},"end":{"line":59,"column":45}},{"start":{"line":59,"column":49},"end":{"line":59,"column":58}}]},"5":{"loc":{"start":{"line":104,"column":8},"end":{"line":107,"column":9}},"type":"if","locations":[{"start":{"line":104,"column":8},"end":{"line":107,"column":9}}]},"6":{"loc":{"start":{"line":104,"column":12},"end":{"line":104,"column":43}},"type":"binary-expr","locations":[{"start":{"line":104,"column":12},"end":{"line":104,"column":22}},{"start":{"line":104,"column":26},"end":{"line":104,"column":43}}]},"7":{"loc":{"start":{"line":129,"column":8},"end":{"line":135,"column":9}},"type":"if","locations":[{"start":{"line":129,"column":8},"end":{"line":135,"column":9}}]}},"s":{"0":1,"1":1,"2":1,"3":1,"4":1,"5":27,"6":27,"7":27,"8":27,"9":27,"10":24,"11":24,"12":24,"13":25,"14":1,"15":24,"16":26,"17":1,"18":1,"19":1,"20":1,"21":19,"22":19,"23":19,"24":19,"25":14,"26":14,"27":14,"28":13,"29":1,"30":1,"31":19,"32":3,"33":3,"34":3,"35":3,"36":3,"37":3,"38":9,"39":4,"40":4,"41":5,"42":5,"43":5,"44":5,"45":4,"46":1,"47":6,"48":3,"49":3,"50":3,"51":3,"52":3,"53":1},"f":{"0":1,"1":27,"2":24,"3":25,"4":26,"5":13,"6":1,"7":9,"8":6},"b":{"0":[1,1],"1":[1],"2":[1,19,2,3,3],"3":[14],"4":[19,16],"5":[4],"6":[9,5],"7":[3]}}
,"/Users/gabriele/Git/become-monitor/services/auth-service.ts": {"path":"/Users/gabriele/Git/become-monitor/services/auth-service.ts","statementMap":{"0":{"start":{"line":20,"column":24},"end":{"line":20,"column":65}},"1":{"start":{"line":26,"column":8},"end":{"line":43,"column":9}},"2":{"start":{"line":27,"column":29},"end":{"line":27,"column":79}},"3":{"start":{"line":29,"column":12},"end":{"line":32,"column":13}},"4":{"start":{"line":30,"column":16},"end":{"line":30,"column":86}},"5":{"start":{"line":31,"column":16},"end":{"line":31,"column":28}},"6":{"start":{"line":34,"column":25},"end":{"line":34,"column":46}},"7":{"start":{"line":35,"column":12},"end":{"line":39,"column":14}},"8":{"start":{"line":41,"column":12},"end":{"line":41,"column":71}},"9":{"start":{"line":42,"column":12},"end":{"line":42,"column":24}},"10":{"start":{"line":50,"column":8},"end":{"line":73,"column":9}},"11":{"start":{"line":51,"column":29},"end":{"line":52,"column":null}},"12":{"start":{"line":55,"column":31},"end":{"line":55,"column":52}},"13":{"start":{"line":56,"column":12},"end":{"line":56,"column":81}},"14":{"start":{"line":58,"column":12},"end":{"line":60,"column":13}},"15":{"start":{"line":59,"column":16},"end":{"line":59,"column":28}},"16":{"start":{"line":62,"column":25},"end":{"line":62,"column":47}},"17":{"start":{"line":64,"column":12},"end":{"line":69,"column":14}},"18":{"start":{"line":71,"column":12},"end":{"line":71,"column":70}},"19":{"start":{"line":72,"column":12},"end":{"line":72,"column":24}},"20":{"start":{"line":19,"column":0},"end":{"line":19,"column":13}}},"fnMap":{"0":{"name":"(anonymous_0)","decl":{"start":{"line":25,"column":4},"end":{"line":25,"column":9}},"loc":{"start":{"line":25,"column":25},"end":{"line":44,"column":5}}},"1":{"name":"(anonymous_1)","decl":{"start":{"line":49,"column":4},"end":{"line":49,"column":9}},"loc":{"start":{"line":49,"column":44},"end":{"line":74,"column":5}}}},"branchMap":{"0":{"loc":{"start":{"line":29,"column":12},"end":{"line":32,"column":13}},"type":"if","locations":[{"start":{"line":29,"column":12},"end":{"line":32,"column":13}}]},"1":{"loc":{"start":{"line":58,"column":12},"end":{"line":60,"column":13}},"type":"if","locations":[{"start":{"line":58,"column":12},"end":{"line":60,"column":13}}]},"2":{"loc":{"start":{"line":65,"column":31},"end":{"line":65,"column":58}},"type":"binary-expr","locations":[{"start":{"line":65,"column":31},"end":{"line":65,"column":49}},{"start":{"line":65,"column":53},"end":{"line":65,"column":58}}]},"3":{"loc":{"start":{"line":66,"column":24},"end":{"line":66,"column":41}},"type":"binary-expr","locations":[{"start":{"line":66,"column":24},"end":{"line":66,"column":35}},{"start":{"line":66,"column":39},"end":{"line":66,"column":41}}]},"4":{"loc":{"start":{"line":67,"column":25},"end":{"line":67,"column":43}},"type":"binary-expr","locations":[{"start":{"line":67,"column":25},"end":{"line":67,"column":37}},{"start":{"line":67,"column":41},"end":{"line":67,"column":43}}]},"5":{"loc":{"start":{"line":68,"column":28},"end":{"line":68,"column":49}},"type":"binary-expr","locations":[{"start":{"line":68,"column":28},"end":{"line":68,"column":43}},{"start":{"line":68,"column":47},"end":{"line":68,"column":49}}]}},"s":{"0":12,"1":4,"2":4,"3":3,"4":1,"5":1,"6":2,"7":2,"8":1,"9":1,"10":10,"11":10,"12":9,"13":8,"14":8,"15":2,"16":6,"17":5,"18":3,"19":3,"20":1},"f":{"0":4,"1":10},"b":{"0":[1],"1":[2],"2":[5,1],"3":[5,1],"4":[5,1],"5":[5,1]}}
,"/Users/gabriele/Git/become-monitor/services/hrv-calculator.ts": {"path":"/Users/gabriele/Git/become-monitor/services/hrv-calculator.ts","statementMap":{"0":{"start":{"line":11,"column":0},"end":{"line":11,"column":16}},"1":{"start":{"line":37,"column":0},"end":{"line":37,"column":16}},"2":{"start":{"line":6,"column":0},"end":{"line":6,"column":25}},"3":{"start":{"line":12,"column":4},"end":{"line":12,"column":39}},"4":{"start":{"line":12,"column":30},"end":{"line":12,"column":39}},"5":{"start":{"line":15,"column":18},"end":{"line":15,"column":20}},"6":{"start":{"line":16,"column":4},"end":{"line":22,"column":5}},"7":{"start":{"line":16,"column":17},"end":{"line":16,"column":18}},"8":{"start":{"line":17,"column":21},"end":{"line":17,"column":52}},"9":{"start":{"line":19,"column":8},"end":{"line":21,"column":9}},"10":{"start":{"line":20,"column":12},"end":{"line":20,"column":29}},"11":{"start":{"line":24,"column":4},"end":{"line":24,"column":35}},"12":{"start":{"line":24,"column":26},"end":{"line":24,"column":35}},"13":{"start":{"line":27,"column":25},"end":{"line":27,"column":48}},"14":{"start":{"line":27,"column":42},"end":{"line":27,"column":47}},"15":{"start":{"line":28,"column":24},"end":{"line":28,"column":85}},"16":{"start":{"line":28,"column":54},"end":{"line":28,"column":59}},"17":{"start":{"line":31,"column":4},"end":{"line":31,"column":34}},"18":{"start":{"line":41,"column":4},"end":{"line":43,"column":5}},"19":{"start":{"line":42,"column":8},"end":{"line":42,"column":32}},"20":{"start":{"line":46,"column":14},"end":{"line":46,"column":63}},"21":{"start":{"line":47,"column":29},"end":{"line":47,"column":31}},"22":{"start":{"line":49,"column":4},"end":{"line":56,"column":5}},"23":{"start":{"line":49,"column":17},"end":{"line":49,"column":18}},"24":{"start":{"line":51,"column":20},"end":{"line":51,"column":58}},"25":{"start":{"line":52,"column":19},"end":{"line":52,"column":34}},"26":{"start":{"line":53,"column":19},"end":{"line":53,"column":57}},"27":{"start":{"line":54,"column":21},"end":{"line":54,"column":29}},"28":{"start":{"line":55,"column":8},"end":{"line":55,"column":71}},"29":{"start":{"line":59,"column":17},"end":{"line":59,"column":66}},"30":{"start":{"line":59,"column":41},"end":{"line":59,"column":46}},"31":{"start":{"line":60,"column":22},"end":{"line":60,"column":49}},"32":{"start":{"line":60,"column":40},"end":{"line":60,"column":48}},"33":{"start":{"line":63,"column":18},"end":{"line":63,"column":19}},"34":{"start":{"line":64,"column":4},"end":{"line":66,"column":5}},"35":{"start":{"line":65,"column":8},"end":{"line":65,"column":31}},"36":{"start":{"line":68,"column":21},"end":{"line":68,"column":47}},"37":{"start":{"line":69,"column":4},"end":{"line":71,"column":5}},"38":{"start":{"line":69,"column":17},"end":{"line":69,"column":18}},"39":{"start":{"line":70,"column":8},"end":{"line":70,"column":35}},"40":{"start":{"line":74,"column":16},"end":{"line":74,"column":32}},"41":{"start":{"line":75,"column":16},"end":{"line":75,"column":40}},"42":{"start":{"line":76,"column":4},"end":{"line":76,"column":37}},"43":{"start":{"line":79,"column":15},"end":{"line":79,"column":37}},"44":{"start":{"line":80,"column":17},"end":{"line":80,"column":40}},"45":{"start":{"line":81,"column":26},"end":{"line":81,"column":28}},"46":{"start":{"line":83,"column":4},"end":{"line":87,"column":5}},"47":{"start":{"line":83,"column":17},"end":{"line":83,"column":18}},"48":{"start":{"line":84,"column":19},"end":{"line":84,"column":29}},"49":{"start":{"line":85,"column":19},"end":{"line":85,"column":33}},"50":{"start":{"line":86,"column":8},"end":{"line":86,"column":65}},"51":{"start":{"line":90,"column":13},"end":{"line":90,"column":14}},"52":{"start":{"line":91,"column":13},"end":{"line":91,"column":14}},"53":{"start":{"line":93,"column":4},"end":{"line":101,"column":5}},"54":{"start":{"line":93,"column":17},"end":{"line":93,"column":18}},"55":{"start":{"line":94,"column":21},"end":{"line":94,"column":27}},"56":{"start":{"line":95,"column":8},"end":{"line":97,"column":9}},"57":{"start":{"line":96,"column":12},"end":{"line":96,"column":30}},"58":{"start":{"line":98,"column":8},"end":{"line":100,"column":9}},"59":{"start":{"line":99,"column":12},"end":{"line":99,"column":30}},"60":{"start":{"line":103,"column":4},"end":{"line":103,"column":22}}},"fnMap":{"0":{"name":"calculateRMSSD","decl":{"start":{"line":11,"column":16},"end":{"line":11,"column":30}},"loc":{"start":{"line":11,"column":50},"end":{"line":32,"column":1}}},"1":{"name":"(anonymous_2)","decl":{"start":{"line":27,"column":35},"end":{"line":27,"column":36}},"loc":{"start":{"line":27,"column":42},"end":{"line":27,"column":47}}},"2":{"name":"(anonymous_3)","decl":{"start":{"line":28,"column":44},"end":{"line":28,"column":45}},"loc":{"start":{"line":28,"column":54},"end":{"line":28,"column":59}}},"3":{"name":"computeLfHf","decl":{"start":{"line":37,"column":16},"end":{"line":37,"column":27}},"loc":{"start":{"line":39,"column":30},"end":{"line":104,"column":1}}},"4":{"name":"(anonymous_5)","decl":{"start":{"line":59,"column":31},"end":{"line":59,"column":32}},"loc":{"start":{"line":59,"column":41},"end":{"line":59,"column":46}}},"5":{"name":"(anonymous_6)","decl":{"start":{"line":60,"column":33},"end":{"line":60,"column":34}},"loc":{"start":{"line":60,"column":40},"end":{"line":60,"column":48}}}},"branchMap":{"0":{"loc":{"start":{"line":12,"column":4},"end":{"line":12,"column":39}},"type":"if","locations":[{"start":{"line":12,"column":4},"end":{"line":12,"column":39}}]},"1":{"loc":{"start":{"line":19,"column":8},"end":{"line":21,"column":9}},"type":"if","locations":[{"start":{"line":19,"column":8},"end":{"line":21,"column":9}}]},"2":{"loc":{"start":{"line":24,"column":4},"end":{"line":24,"column":35}},"type":"if","locations":[{"start":{"line":24,"column":4},"end":{"line":24,"column":35}}]},"3":{"loc":{"start":{"line":39,"column":4},"end":{"line":39,"column":30}},"type":"default-arg","locations":[{"start":{"line":39,"column":27},"end":{"line":39,"column":30}}]},"4":{"loc":{"start":{"line":41,"column":4},"end":{"line":43,"column":5}},"type":"if","locations":[{"start":{"line":41,"column":4},"end":{"line":43,"column":5}}]},"5":{"loc":{"start":{"line":95,"column":8},"end":{"line":97,"column":9}},"type":"if","locations":[{"start":{"line":95,"column":8},"end":{"line":97,"column":9}}]},"6":{"loc":{"start":{"line":95,"column":12},"end":{"line":95,"column":40}},"type":"binary-expr","locations":[{"start":{"line":95,"column":12},"end":{"line":95,"column":24}},{"start":{"line":95,"column":28},"end":{"line":95,"column":40}}]},"7":{"loc":{"start":{"line":98,"column":8},"end":{"line":100,"column":9}},"type":"if","locations":[{"start":{"line":98,"column":8},"end":{"line":100,"column":9}}]},"8":{"loc":{"start":{"line":98,"column":12},"end":{"line":98,"column":39}},"type":"binary-expr","locations":[{"start":{"line":98,"column":12},"end":{"line":98,"column":24}},{"start":{"line":98,"column":28},"end":{"line":98,"column":39}}]}},"s":{"0":1,"1":1,"2":1,"3":8,"4":2,"5":6,"6":6,"7":6,"8":31,"9":31,"10":27,"11":6,"12":2,"13":4,"14":25,"15":4,"16":25,"17":4,"18":7,"19":1,"20":6,"21":6,"22":6,"23":6,"24":840,"25":840,"26":840,"27":840,"28":840,"29":6,"30":840,"31":6,"32":840,"33":6,"34":6,"35":43,"36":6,"37":6,"38":6,"39":840,"40":6,"41":6,"42":6,"43":6,"44":6,"45":6,"46":6,"47":6,"48":448,"49":448,"50":448,"51":6,"52":6,"53":6,"54":6,"55":448,"56":448,"57":18,"58":448,"59":48,"60":6},"f":{"0":8,"1":25,"2":25,"3":7,"4":840,"5":840},"b":{"0":[2],"1":[27],"2":[2],"3":[5],"4":[1],"5":[18],"6":[448,436],"7":[48],"8":[448,418]}}
,"/Users/gabriele/Git/become-monitor/services/polar-ble-sdk.ts": {"path":"/Users/gabriele/Git/become-monitor/services/polar-ble-sdk.ts","statementMap":{"0":{"start":{"line":6,"column":0},"end":{"line":6,"column":65}},"1":{"start":{"line":8,"column":27},"end":{"line":8,"column":40}},"2":{"start":{"line":50,"column":42},"end":{"line":50,"column":51}},"3":{"start":{"line":53,"column":8},"end":{"line":53,"column":67}},"4":{"start":{"line":60,"column":8},"end":{"line":60,"column":52}},"5":{"start":{"line":67,"column":8},"end":{"line":67,"column":42}},"6":{"start":{"line":74,"column":8},"end":{"line":74,"column":41}},"7":{"start":{"line":81,"column":8},"end":{"line":81,"column":56}},"8":{"start":{"line":88,"column":8},"end":{"line":88,"column":61}},"9":{"start":{"line":95,"column":8},"end":{"line":95,"column":58}},"10":{"start":{"line":102,"column":8},"end":{"line":102,"column":49}},"11":{"start":{"line":137,"column":29},"end":{"line":137,"column":75}},"12":{"start":{"line":138,"column":8},"end":{"line":138,"column":48}},"13":{"start":{"line":145,"column":29},"end":{"line":145,"column":54}},"14":{"start":{"line":146,"column":8},"end":{"line":149,"column":9}},"15":{"start":{"line":147,"column":12},"end":{"line":147,"column":34}},"16":{"start":{"line":148,"column":12},"end":{"line":148,"column":41}},"17":{"start":{"line":156,"column":8},"end":{"line":156,"column":72}},"18":{"start":{"line":156,"column":49},"end":{"line":156,"column":70}},"19":{"start":{"line":157,"column":8},"end":{"line":157,"column":31}},"20":{"start":{"line":161,"column":13},"end":{"line":161,"column":42}}},"fnMap":{"0":{"name":"(anonymous_0)","decl":{"start":{"line":52,"column":4},"end":{"line":52,"column":null}},"loc":{"start":{"line":52,"column":4},"end":{"line":54,"column":5}}},"1":{"name":"(anonymous_1)","decl":{"start":{"line":59,"column":4},"end":{"line":59,"column":9}},"loc":{"start":{"line":59,"column":29},"end":{"line":61,"column":5}}},"2":{"name":"(anonymous_2)","decl":{"start":{"line":66,"column":4},"end":{"line":66,"column":9}},"loc":{"start":{"line":66,"column":19},"end":{"line":68,"column":5}}},"3":{"name":"(anonymous_3)","decl":{"start":{"line":73,"column":4},"end":{"line":73,"column":9}},"loc":{"start":{"line":73,"column":18},"end":{"line":75,"column":5}}},"4":{"name":"(anonymous_4)","decl":{"start":{"line":80,"column":4},"end":{"line":80,"column":9}},"loc":{"start":{"line":80,"column":42},"end":{"line":82,"column":5}}},"5":{"name":"(anonymous_5)","decl":{"start":{"line":87,"column":4},"end":{"line":87,"column":9}},"loc":{"start":{"line":87,"column":47},"end":{"line":89,"column":5}}},"6":{"name":"(anonymous_6)","decl":{"start":{"line":94,"column":4},"end":{"line":94,"column":9}},"loc":{"start":{"line":94,"column":44},"end":{"line":96,"column":5}}},"7":{"name":"(anonymous_7)","decl":{"start":{"line":101,"column":4},"end":{"line":101,"column":9}},"loc":{"start":{"line":101,"column":26},"end":{"line":103,"column":5}}},"8":{"name":"(anonymous_8)","decl":{"start":{"line":136,"column":4},"end":{"line":136,"column":20}},"loc":{"start":{"line":136,"column":73},"end":{"line":139,"column":5}}},"9":{"name":"(anonymous_9)","decl":{"start":{"line":144,"column":4},"end":{"line":144,"column":23}},"loc":{"start":{"line":144,"column":45},"end":{"line":150,"column":5}}},"10":{"name":"(anonymous_10)","decl":{"start":{"line":155,"column":4},"end":{"line":155,"column":22}},"loc":{"start":{"line":155,"column":22},"end":{"line":158,"column":5}}},"11":{"name":"(anonymous_11)","decl":{"start":{"line":156,"column":31},"end":{"line":156,"column":32}},"loc":{"start":{"line":156,"column":49},"end":{"line":156,"column":70}}}},"branchMap":{"0":{"loc":{"start":{"line":146,"column":8},"end":{"line":149,"column":9}},"type":"if","locations":[{"start":{"line":146,"column":8},"end":{"line":149,"column":9}}]}},"s":{"0":1,"1":1,"2":1,"3":1,"4":3,"5":3,"6":2,"7":3,"8":2,"9":3,"10":2,"11":10,"12":10,"13":2,"14":2,"15":1,"16":1,"17":1,"18":7,"19":1,"20":1},"f":{"0":1,"1":3,"2":3,"3":2,"4":3,"5":2,"6":3,"7":2,"8":10,"9":2,"10":1,"11":7},"b":{"0":[1]}}
}
