TN:
SF:services/ably-service.ts
FN:8,(anonymous_9)
FN:21,(anonymous_10)
FN:29,(anonymous_11)
FN:42,(anonymous_12)
FN:45,(anonymous_13)
FN:64,(anonymous_14)
FN:69,(anonymous_15)
FN:96,(anonymous_16)
FN:128,(anonymous_17)
FNF:9
FNH:9
FNDA:1,(anonymous_9)
FNDA:27,(anonymous_10)
FNDA:24,(anonymous_11)
FNDA:25,(anonymous_12)
FNDA:26,(anonymous_13)
FNDA:13,(anonymous_14)
FNDA:1,(anonymous_15)
FNDA:9,(anonymous_16)
FNDA:6,(anonymous_17)
DA:6,1
DA:8,1
DA:9,1
DA:10,1
DA:11,1
DA:14,1
DA:15,27
DA:16,27
DA:17,27
DA:25,27
DA:26,27
DA:30,24
DA:32,24
DA:39,24
DA:43,25
DA:45,24
DA:46,26
DA:48,1
DA:49,1
DA:50,1
DA:51,1
DA:54,19
DA:55,19
DA:56,19
DA:59,19
DA:60,14
DA:61,14
DA:62,14
DA:65,13
DA:70,1
DA:74,1
DA:77,19
DA:81,3
DA:82,3
DA:83,3
DA:87,3
DA:88,3
DA:91,3
DA:104,9
DA:105,4
DA:106,4
DA:109,5
DA:110,5
DA:112,5
DA:121,5
DA:122,4
DA:124,1
DA:129,6
DA:130,3
DA:131,3
DA:132,3
DA:133,3
DA:134,3
LF:53
LH:53
BRDA:8,0,0,1
BRDA:8,0,1,1
BRDA:43,1,0,1
BRDA:46,2,0,1
BRDA:46,2,1,19
BRDA:46,2,2,2
BRDA:46,2,3,3
BRDA:46,2,4,3
BRDA:59,3,0,14
BRDA:59,4,0,19
BRDA:59,4,1,16
BRDA:104,5,0,4
BRDA:104,6,0,9
BRDA:104,6,1,5
BRDA:129,7,0,3
BRF:15
BRH:15
end_of_record
TN:
SF:services/auth-service.ts
FN:25,(anonymous_0)
FN:49,(anonymous_1)
FNF:2
FNH:2
FNDA:4,(anonymous_0)
FNDA:10,(anonymous_1)
DA:19,1
DA:20,12
DA:26,4
DA:27,4
DA:29,3
DA:30,1
DA:31,1
DA:34,2
DA:35,2
DA:41,1
DA:42,1
DA:50,10
DA:51,10
DA:55,9
DA:56,8
DA:58,8
DA:59,2
DA:62,6
DA:64,5
DA:71,3
DA:72,3
LF:21
LH:21
BRDA:29,0,0,1
BRDA:58,1,0,2
BRDA:65,2,0,5
BRDA:65,2,1,1
BRDA:66,3,0,5
BRDA:66,3,1,1
BRDA:67,4,0,5
BRDA:67,4,1,1
BRDA:68,5,0,5
BRDA:68,5,1,1
BRF:10
BRH:10
end_of_record
TN:
SF:services/hrv-calculator.ts
FN:11,calculateRMSSD
FN:27,(anonymous_2)
FN:28,(anonymous_3)
FN:37,computeLfHf
FN:59,(anonymous_5)
FN:60,(anonymous_6)
FNF:6
FNH:6
FNDA:8,calculateRMSSD
FNDA:25,(anonymous_2)
FNDA:25,(anonymous_3)
FNDA:7,computeLfHf
FNDA:840,(anonymous_5)
FNDA:840,(anonymous_6)
DA:6,1
DA:11,1
DA:12,8
DA:15,6
DA:16,6
DA:17,31
DA:19,31
DA:20,27
DA:24,6
DA:27,25
DA:28,25
DA:31,4
DA:37,1
DA:41,7
DA:42,1
DA:46,6
DA:47,6
DA:49,6
DA:51,840
DA:52,840
DA:53,840
DA:54,840
DA:55,840
DA:59,840
DA:60,840
DA:63,6
DA:64,6
DA:65,43
DA:68,6
DA:69,6
DA:70,840
DA:74,6
DA:75,6
DA:76,6
DA:79,6
DA:80,6
DA:81,6
DA:83,6
DA:84,448
DA:85,448
DA:86,448
DA:90,6
DA:91,6
DA:93,6
DA:94,448
DA:95,448
DA:96,18
DA:98,448
DA:99,48
DA:103,6
LF:50
LH:50
BRDA:12,0,0,2
BRDA:19,1,0,27
BRDA:24,2,0,2
BRDA:39,3,0,5
BRDA:41,4,0,1
BRDA:95,5,0,18
BRDA:95,6,0,448
BRDA:95,6,1,436
BRDA:98,7,0,48
BRDA:98,8,0,448
BRDA:98,8,1,418
BRF:11
BRH:11
end_of_record
TN:
SF:services/polar-ble-sdk.ts
FN:52,(anonymous_0)
FN:59,(anonymous_1)
FN:66,(anonymous_2)
FN:73,(anonymous_3)
FN:80,(anonymous_4)
FN:87,(anonymous_5)
FN:94,(anonymous_6)
FN:101,(anonymous_7)
FN:136,(anonymous_8)
FN:144,(anonymous_9)
FN:155,(anonymous_10)
FN:156,(anonymous_11)
FNF:12
FNH:12
FNDA:1,(anonymous_0)
FNDA:3,(anonymous_1)
FNDA:3,(anonymous_2)
FNDA:2,(anonymous_3)
FNDA:3,(anonymous_4)
FNDA:2,(anonymous_5)
FNDA:3,(anonymous_6)
FNDA:2,(anonymous_7)
FNDA:10,(anonymous_8)
FNDA:2,(anonymous_9)
FNDA:1,(anonymous_10)
FNDA:7,(anonymous_11)
DA:6,1
DA:8,1
DA:50,1
DA:53,1
DA:60,3
DA:67,3
DA:74,2
DA:81,3
DA:88,2
DA:95,3
DA:102,2
DA:137,10
DA:138,10
DA:145,2
DA:146,2
DA:147,1
DA:148,1
DA:156,7
DA:157,1
DA:161,1
LF:20
LH:20
BRDA:146,0,0,1
BRF:1
BRH:1
end_of_record
